<?xml version="1.0" encoding="UTF-8"?><testrun name="TestArraySet" project="lab1" tests="12" started="12" failures="1" errors="0" ignored="0">
  <testsuite name="test.TestArraySet" time="0.106">
    <testcase name="testOneElementSet" classname="test.TestArraySet" time="0.001"/>
    <testcase name="testRemoveOneElement" classname="test.TestArraySet" time="0.0"/>
    <testcase name="testTwoDifferent" classname="test.TestArraySet" time="0.0"/>
    <testcase name="testEmpty" classname="test.TestArraySet" time="0.0"/>
    <testcase name="testManyDuplicates" classname="test.TestArraySet" time="0.03"/>
    <testcase name="testManyDifferent" classname="test.TestArraySet" time="0.012"/>
    <testcase name="testRemoveSeveral" classname="test.TestArraySet" time="0.023"/>
    <testcase name="testAddAllCorrectSize" classname="test.TestArraySet" time="0.01"/>
    <testcase name="testTwoDuplicatesWhereNotAllowed" classname="test.TestArraySet" time="0.001"/>
    <testcase name="testIterator" classname="test.TestArraySet" time="0.001"/>
    <testcase name="testRemoveFromEmpty" classname="test.TestArraySet" time="0.0"/>
    <testcase name="testAddAllNoDuplicates" classname="test.TestArraySet" time="0.028">
      <failure>java.lang.AssertionError: List changed expected:&lt;false&gt; but was:&lt;true&gt;
	at org.junit.Assert.fail(Assert.java:88)
	at org.junit.Assert.failNotEquals(Assert.java:743)
	at org.junit.Assert.assertEquals(Assert.java:118)
	at test.TestArraySet.testAddAllNoDuplicates(TestArraySet.java:145)
	at sun.reflect.NativeMethodAccessorImpl.invoke0(Native Method)
	at sun.reflect.NativeMethodAccessorImpl.invoke(NativeMethodAccessorImpl.java:57)
	at sun.reflect.DelegatingMethodAccessorImpl.invoke(DelegatingMethodAccessorImpl.java:43)
	at java.lang.reflect.Method.invoke(Method.java:606)
	at org.junit.runners.model.FrameworkMethod$1.runReflectiveCall(FrameworkMethod.java:47)
	at org.junit.internal.runners.model.ReflectiveCallable.run(ReflectiveCallable.java:12)
	at org.junit.runners.model.FrameworkMethod.invokeExplosively(FrameworkMethod.java:44)
	at org.junit.internal.runners.statements.InvokeMethod.evaluate(InvokeMethod.java:17)
	at org.junit.internal.runners.statements.RunBefores.evaluate(RunBefores.java:26)
	at org.junit.internal.runners.statements.RunAfters.evaluate(RunAfters.java:27)
	at org.junit.runners.ParentRunner.runLeaf(ParentRunner.java:271)
	at org.junit.runners.BlockJUnit4ClassRunner.runChild(BlockJUnit4ClassRunner.java:70)
	at org.junit.runners.BlockJUnit4ClassRunner.runChild(BlockJUnit4ClassRunner.java:50)
	at org.junit.runners.ParentRunner$3.run(ParentRunner.java:238)
	at org.junit.runners.ParentRunner$1.schedule(ParentRunner.java:63)
	at org.junit.runners.ParentRunner.runChildren(ParentRunner.java:236)
	at org.junit.runners.ParentRunner.access$000(ParentRunner.java:53)
	at org.junit.runners.ParentRunner$2.evaluate(ParentRunner.java:229)
	at org.junit.runners.ParentRunner.run(ParentRunner.java:309)
	at org.eclipse.jdt.internal.junit4.runner.JUnit4TestReference.run(JUnit4TestReference.java:50)
	at org.eclipse.jdt.internal.junit.runner.TestExecution.run(TestExecution.java:38)
	at org.eclipse.jdt.internal.junit.runner.RemoteTestRunner.runTests(RemoteTestRunner.java:467)
	at org.eclipse.jdt.internal.junit.runner.RemoteTestRunner.runTests(RemoteTestRunner.java:683)
	at org.eclipse.jdt.internal.junit.runner.RemoteTestRunner.run(RemoteTestRunner.java:390)
	at org.eclipse.jdt.internal.junit.runner.RemoteTestRunner.main(RemoteTestRunner.java:197)

</failure>
    </testcase>
  </testsuite>
</testrun>
